<?xml version="1.0" encoding="UTF-8"?>
<testsuite name="test.java.BaseTestCase" tests="1" skipped="0" failures="0" errors="0" timestamp="2015-06-09T15:21:52" hostname="Rahuls-MBP.atlanticbb.net" time="0.0">
  <properties/>
  <testcase name="testTrue" classname="test.java.BaseTestCase" time="0.0"/>
  <system-out><![CDATA[]]></system-out>
  <system-err><![CDATA[]]></system-err>
</testsuite>
